\BOOKMARK [1][-]{section.1}{Einf\374hrung}{}% 1
\BOOKMARK [2][-]{subsection.1.1}{Ziele}{section.1}% 2
\BOOKMARK [2][-]{subsection.1.2}{Voraussetzungen}{section.1}% 3
\BOOKMARK [2][-]{subsection.1.3}{Aufgabenstellung}{section.1}% 4
\BOOKMARK [1][-]{section.2}{Ergebnisse}{}% 5
\BOOKMARK [2][-]{subsection.2.1}{Django-REST-Framework Tutorial}{section.2}% 6
\BOOKMARK [3][-]{subsubsection.2.1.1}{1: Projetk Setup}{subsection.2.1}% 7
\BOOKMARK [3][-]{subsubsection.2.1.2}{Sync Database und Superuser}{subsection.2.1}% 8
\BOOKMARK [2][-]{subsection.2.2}{Registration and Login with Spring Boot, Spring Security, Spring Data JPA, and HSQL}{section.2}% 9
\BOOKMARK [3][-]{subsubsection.2.2.1}{Neues Projekt}{subsection.2.2}% 10
\BOOKMARK [3][-]{subsubsection.2.2.2}{Dependencies}{subsection.2.2}% 11
\BOOKMARK [3][-]{subsubsection.2.2.3}{User}{subsection.2.2}% 12
\BOOKMARK [3][-]{subsubsection.2.2.4}{Role}{subsection.2.2}% 13
\BOOKMARK [3][-]{subsubsection.2.2.5}{Testing}{subsection.2.2}% 14
\BOOKMARK [2][-]{subsection.2.3}{NodeJS}{section.2}% 15
\BOOKMARK [3][-]{subsubsection.2.3.1}{Passport}{subsection.2.3}% 16
\BOOKMARK [3][-]{subsubsection.2.3.2}{Projektstruktur}{subsection.2.3}% 17
\BOOKMARK [3][-]{subsubsection.2.3.3}{Installation der Packages}{subsection.2.3}% 18
\BOOKMARK [3][-]{subsubsection.2.3.4}{Erl\344uterung der Packages}{subsection.2.3}% 19
\BOOKMARK [3][-]{subsubsection.2.3.5}{Application Setup}{subsection.2.3}% 20
\BOOKMARK [2][-]{subsection.2.4}{Autorefreshing mit nodemon}{section.2}% 21
\BOOKMARK [2][-]{subsection.2.5}{Aufsetzen von MongoDB}{section.2}% 22
\BOOKMARK [2][-]{subsection.2.6}{mit DB Verbinden}{section.2}% 23
\BOOKMARK [2][-]{subsection.2.7}{Routes}{section.2}% 24
\BOOKMARK [2][-]{subsection.2.8}{Views}{section.2}% 25
\BOOKMARK [2][-]{subsection.2.9}{User Model}{section.2}% 26
\BOOKMARK [2][-]{subsection.2.10}{Passport Config}{section.2}% 27
\BOOKMARK [2][-]{subsection.2.11}{Handling von Login/Registrierung}{section.2}% 28
\BOOKMARK [3][-]{subsubsection.2.11.1}{require}{subsection.2.11}% 29
\BOOKMARK [3][-]{subsubsection.2.11.2}{serialize/deseralize des Users}{subsection.2.11}% 30
\BOOKMARK [3][-]{subsubsection.2.11.3}{Strategy und zugeh\366rige Funktion f\374r Login und Register}{subsection.2.11}% 31
\BOOKMARK [2][-]{subsection.2.12}{Routen anpassen}{section.2}% 32
\BOOKMARK [2][-]{subsection.2.13}{Serverstart}{section.2}% 33
\BOOKMARK [2][-]{subsection.2.14}{Register}{section.2}% 34
\BOOKMARK [2][-]{subsection.2.15}{Persistenz}{section.2}% 35
