2017-10-19 08:30:32,843 [Worker-0] INFO  c.g.t.t.d.PublishedGradleVersions - Gradle version information cache is up-to-date. Trying to read.
2017-10-19 09:07:12,345 [Worker-21] ERROR o.e.m.c.i.p.r.ProjectRegistryManager - Failed to read Maven project: 1 problem was encountered while building the effective model
[FATAL] Non-readable POM D:\Schule\5. Jahrgang\SYT\SYT Repository\GK9_3\GK93\src\pom.xml: input contained no data @ 
 for project  at D:\Schule\5. Jahrgang\SYT\SYT Repository\GK9_3\GK93\src\pom.xml
org.apache.maven.project.ProjectBuildingException: 1 problem was encountered while building the effective model
[FATAL] Non-readable POM D:\Schule\5. Jahrgang\SYT\SYT Repository\GK9_3\GK93\src\pom.xml: input contained no data @ 
 for project  at D:\Schule\5. Jahrgang\SYT\SYT Repository\GK9_3\GK93\src\pom.xml
	at org.apache.maven.project.DefaultProjectBuilder.build(DefaultProjectBuilder.java:168) ~[maven-core-3.3.9.jar:3.3.9]
	at org.apache.maven.project.DefaultProjectBuilder.build(DefaultProjectBuilder.java:119) ~[maven-core-3.3.9.jar:3.3.9]
	at org.eclipse.m2e.core.internal.embedder.MavenImpl.readMavenProject(MavenImpl.java:636) ~[org.eclipse.m2e.core_1.7.0.20160603-1933.jar:na]
	at org.eclipse.m2e.core.internal.project.registry.ProjectRegistryManager$5.call(ProjectRegistryManager.java:816) ~[org.eclipse.m2e.core_1.7.0.20160603-1933.jar:na]
	at org.eclipse.m2e.core.internal.project.registry.ProjectRegistryManager$5.call(ProjectRegistryManager.java:1) ~[org.eclipse.m2e.core_1.7.0.20160603-1933.jar:na]
	at org.eclipse.m2e.core.internal.embedder.MavenExecutionContext.executeBare(MavenExecutionContext.java:176) ~[org.eclipse.m2e.core_1.7.0.20160603-1933.jar:na]
	at org.eclipse.m2e.core.internal.embedder.MavenExecutionContext.execute(MavenExecutionContext.java:151) ~[org.eclipse.m2e.core_1.7.0.20160603-1933.jar:na]
	at org.eclipse.m2e.core.internal.embedder.MavenExecutionContext.execute(MavenExecutionContext.java:99) ~[org.eclipse.m2e.core_1.7.0.20160603-1933.jar:na]
	at org.eclipse.m2e.core.internal.project.registry.ProjectRegistryManager.execute(ProjectRegistryManager.java:967) ~[org.eclipse.m2e.core_1.7.0.20160603-1933.jar:na]
	at org.eclipse.m2e.core.internal.project.registry.ProjectRegistryManager.readProjectWithDependencies(ProjectRegistryManager.java:811) ~[org.eclipse.m2e.core_1.7.0.20160603-1933.jar:na]
	at org.eclipse.m2e.core.internal.project.registry.ProjectRegistryManager.create(ProjectRegistryManager.java:192) ~[org.eclipse.m2e.core_1.7.0.20160603-1933.jar:na]
	at org.eclipse.m2e.core.internal.project.registry.MavenProjectManager.create(MavenProjectManager.java:80) [org.eclipse.m2e.core_1.7.0.20160603-1933.jar:na]
	at org.eclipse.m2e.core.ui.internal.actions.SelectionUtil.getMavenProject(SelectionUtil.java:259) [org.eclipse.m2e.core.ui_1.7.0.20160603-1933.jar:na]
	at org.eclipse.m2e.editor.pom.MavenPomEditor.readMavenProject(MavenPomEditor.java:732) [org.eclipse.m2e.editor_1.7.0.20160603-1933.jar:na]
	at org.eclipse.m2e.editor.pom.MavenPomEditor$5.run(MavenPomEditor.java:1053) [org.eclipse.m2e.editor_1.7.0.20160603-1933.jar:na]
	at org.eclipse.core.internal.jobs.Worker.run(Worker.java:55) [org.eclipse.core.jobs_3.8.0.v20160509-0411.jar:na]
Caused by: org.apache.maven.model.building.ModelBuildingException: 1 problem was encountered while building the effective model
[FATAL] Non-readable POM D:\Schule\5. Jahrgang\SYT\SYT Repository\GK9_3\GK93\src\pom.xml: input contained no data @ 

	at org.apache.maven.model.building.DefaultModelProblemCollector.newModelBuildingException(DefaultModelProblemCollector.java:197) ~[maven-model-builder-3.3.9.jar:3.3.9]
	at org.apache.maven.model.building.DefaultModelBuilder.readModel(DefaultModelBuilder.java:598) ~[maven-model-builder-3.3.9.jar:3.3.9]
	at org.apache.maven.model.building.DefaultModelBuilder.build(DefaultModelBuilder.java:273) ~[maven-model-builder-3.3.9.jar:3.3.9]
	at org.apache.maven.project.DefaultProjectBuilder.build(DefaultProjectBuilder.java:161) ~[maven-core-3.3.9.jar:3.3.9]
	... 15 common frames omitted
2017-10-19 09:15:57,560 [Worker-22] ERROR o.e.m.c.i.p.r.ProjectRegistryManager - Failed to read Maven project: 1 problem was encountered while building the effective model
[FATAL] Non-readable POM D:\Schule\5. Jahrgang\SYT\SYT Repository\GK9_3\GK93\pom.xml: input contained no data @ 
 for project  at D:\Schule\5. Jahrgang\SYT\SYT Repository\GK9_3\GK93\pom.xml
org.apache.maven.project.ProjectBuildingException: 1 problem was encountered while building the effective model
[FATAL] Non-readable POM D:\Schule\5. Jahrgang\SYT\SYT Repository\GK9_3\GK93\pom.xml: input contained no data @ 
 for project  at D:\Schule\5. Jahrgang\SYT\SYT Repository\GK9_3\GK93\pom.xml
	at org.apache.maven.project.DefaultProjectBuilder.build(DefaultProjectBuilder.java:168) ~[maven-core-3.3.9.jar:3.3.9]
	at org.apache.maven.project.DefaultProjectBuilder.build(DefaultProjectBuilder.java:119) ~[maven-core-3.3.9.jar:3.3.9]
	at org.eclipse.m2e.core.internal.embedder.MavenImpl.readMavenProject(MavenImpl.java:636) ~[org.eclipse.m2e.core_1.7.0.20160603-1933.jar:na]
	at org.eclipse.m2e.core.internal.project.registry.ProjectRegistryManager$5.call(ProjectRegistryManager.java:816) ~[org.eclipse.m2e.core_1.7.0.20160603-1933.jar:na]
	at org.eclipse.m2e.core.internal.project.registry.ProjectRegistryManager$5.call(ProjectRegistryManager.java:1) ~[org.eclipse.m2e.core_1.7.0.20160603-1933.jar:na]
	at org.eclipse.m2e.core.internal.embedder.MavenExecutionContext.executeBare(MavenExecutionContext.java:176) ~[org.eclipse.m2e.core_1.7.0.20160603-1933.jar:na]
	at org.eclipse.m2e.core.internal.embedder.MavenExecutionContext.execute(MavenExecutionContext.java:151) ~[org.eclipse.m2e.core_1.7.0.20160603-1933.jar:na]
	at org.eclipse.m2e.core.internal.embedder.MavenExecutionContext.execute(MavenExecutionContext.java:99) ~[org.eclipse.m2e.core_1.7.0.20160603-1933.jar:na]
	at org.eclipse.m2e.core.internal.project.registry.ProjectRegistryManager.execute(ProjectRegistryManager.java:967) ~[org.eclipse.m2e.core_1.7.0.20160603-1933.jar:na]
	at org.eclipse.m2e.core.internal.project.registry.ProjectRegistryManager.readProjectWithDependencies(ProjectRegistryManager.java:811) ~[org.eclipse.m2e.core_1.7.0.20160603-1933.jar:na]
	at org.eclipse.m2e.core.internal.project.registry.ProjectRegistryManager.create(ProjectRegistryManager.java:192) ~[org.eclipse.m2e.core_1.7.0.20160603-1933.jar:na]
	at org.eclipse.m2e.core.internal.project.registry.MavenProjectManager.create(MavenProjectManager.java:80) [org.eclipse.m2e.core_1.7.0.20160603-1933.jar:na]
	at org.eclipse.m2e.core.ui.internal.actions.SelectionUtil.getMavenProject(SelectionUtil.java:259) [org.eclipse.m2e.core.ui_1.7.0.20160603-1933.jar:na]
	at org.eclipse.m2e.editor.pom.MavenPomEditor.readMavenProject(MavenPomEditor.java:732) [org.eclipse.m2e.editor_1.7.0.20160603-1933.jar:na]
	at org.eclipse.m2e.editor.pom.MavenPomEditor$5.run(MavenPomEditor.java:1053) [org.eclipse.m2e.editor_1.7.0.20160603-1933.jar:na]
	at org.eclipse.core.internal.jobs.Worker.run(Worker.java:55) [org.eclipse.core.jobs_3.8.0.v20160509-0411.jar:na]
Caused by: org.apache.maven.model.building.ModelBuildingException: 1 problem was encountered while building the effective model
[FATAL] Non-readable POM D:\Schule\5. Jahrgang\SYT\SYT Repository\GK9_3\GK93\pom.xml: input contained no data @ 

	at org.apache.maven.model.building.DefaultModelProblemCollector.newModelBuildingException(DefaultModelProblemCollector.java:197) ~[maven-model-builder-3.3.9.jar:3.3.9]
	at org.apache.maven.model.building.DefaultModelBuilder.readModel(DefaultModelBuilder.java:598) ~[maven-model-builder-3.3.9.jar:3.3.9]
	at org.apache.maven.model.building.DefaultModelBuilder.build(DefaultModelBuilder.java:273) ~[maven-model-builder-3.3.9.jar:3.3.9]
	at org.apache.maven.project.DefaultProjectBuilder.build(DefaultProjectBuilder.java:161) ~[maven-core-3.3.9.jar:3.3.9]
	... 15 common frames omitted
2017-10-19 09:40:40,372 [Worker-2] INFO  c.g.t.t.d.PublishedGradleVersions - Gradle version information cache is up-to-date. Trying to read.
2017-10-19 09:56:51,098 [Worker-2] INFO  c.g.t.t.d.PublishedGradleVersions - Gradle version information cache is up-to-date. Trying to read.
2017-10-19 09:58:04,609 [Worker-21] INFO  o.e.m.c.i.l.LifecycleMappingFactory - Using org.eclipse.m2e.jdt.JarLifecycleMapping lifecycle mapping for MavenProject: org.springframework.boot:auth:1.3.5.RELEASE @ D:\Schule\5. Jahrgang\SYT\SYT Repository\GK9_3\GK93\pom.xml.
2017-10-19 10:29:54,055 [Worker-1] INFO  c.g.t.t.d.PublishedGradleVersions - Gradle version information cache is up-to-date. Trying to read.
2017-10-19 10:31:22,759 [Worker-5] INFO  o.e.m.c.i.embedder.EclipseLogger - Using 'UTF-8' encoding to copy filtered resources.
2017-10-19 10:31:22,759 [Worker-5] INFO  o.e.m.c.i.embedder.EclipseLogger - skip non existing resourceDirectory D:\Schule\5. Jahrgang\SYT\SYT Repository\GK9_3\GK93\src\main\resources
2017-10-19 10:31:22,759 [Worker-5] INFO  o.e.m.c.i.embedder.EclipseLogger - skip non existing resourceDirectory D:\Schule\5. Jahrgang\SYT\SYT Repository\GK9_3\GK93\src\main\resources
2017-10-19 10:31:22,762 [Worker-5] INFO  o.e.m.c.i.embedder.EclipseLogger - Using 'UTF-8' encoding to copy filtered resources.
2017-10-19 10:31:22,762 [Worker-5] INFO  o.e.m.c.i.embedder.EclipseLogger - skip non existing resourceDirectory D:\Schule\5. Jahrgang\SYT\SYT Repository\GK9_3\GK93\src\test\resources
2017-10-19 10:31:31,952 [Worker-11] INFO  o.e.m.c.i.embedder.EclipseLogger - Using 'UTF-8' encoding to copy filtered resources.
2017-10-19 10:31:31,953 [Worker-11] INFO  o.e.m.c.i.embedder.EclipseLogger - skip non existing resourceDirectory D:\Schule\5. Jahrgang\SYT\SYT Repository\GK9_3\GK93\src\main\resources
2017-10-19 10:31:31,953 [Worker-11] INFO  o.e.m.c.i.embedder.EclipseLogger - skip non existing resourceDirectory D:\Schule\5. Jahrgang\SYT\SYT Repository\GK9_3\GK93\src\main\resources
2017-10-19 10:31:31,959 [Worker-11] INFO  o.e.m.c.i.embedder.EclipseLogger - Using 'UTF-8' encoding to copy filtered resources.
2017-10-19 10:31:31,960 [Worker-11] INFO  o.e.m.c.i.embedder.EclipseLogger - skip non existing resourceDirectory D:\Schule\5. Jahrgang\SYT\SYT Repository\GK9_3\GK93\src\test\resources
2017-10-19 10:31:50,381 [Worker-10] INFO  o.e.m.c.i.embedder.EclipseLogger - Using 'UTF-8' encoding to copy filtered resources.
2017-10-19 10:31:50,381 [Worker-10] INFO  o.e.m.c.i.embedder.EclipseLogger - skip non existing resourceDirectory D:\Schule\5. Jahrgang\SYT\SYT Repository\GK9_3\GK93\src\main\resources
2017-10-19 10:31:50,382 [Worker-10] INFO  o.e.m.c.i.embedder.EclipseLogger - skip non existing resourceDirectory D:\Schule\5. Jahrgang\SYT\SYT Repository\GK9_3\GK93\src\main\resources
2017-10-19 10:31:50,384 [Worker-10] INFO  o.e.m.c.i.embedder.EclipseLogger - Using 'UTF-8' encoding to copy filtered resources.
2017-10-19 10:31:50,384 [Worker-10] INFO  o.e.m.c.i.embedder.EclipseLogger - skip non existing resourceDirectory D:\Schule\5. Jahrgang\SYT\SYT Repository\GK9_3\GK93\src\test\resources
2017-10-19 10:32:06,294 [Worker-7] INFO  o.e.m.c.i.embedder.EclipseLogger - Using 'UTF-8' encoding to copy filtered resources.
2017-10-19 10:32:06,295 [Worker-7] INFO  o.e.m.c.i.embedder.EclipseLogger - skip non existing resourceDirectory D:\Schule\5. Jahrgang\SYT\SYT Repository\GK9_3\GK93\src\main\resources
2017-10-19 10:32:06,295 [Worker-7] INFO  o.e.m.c.i.embedder.EclipseLogger - skip non existing resourceDirectory D:\Schule\5. Jahrgang\SYT\SYT Repository\GK9_3\GK93\src\main\resources
2017-10-19 10:32:06,300 [Worker-7] INFO  o.e.m.c.i.embedder.EclipseLogger - Using 'UTF-8' encoding to copy filtered resources.
2017-10-19 10:32:06,300 [Worker-7] INFO  o.e.m.c.i.embedder.EclipseLogger - skip non existing resourceDirectory D:\Schule\5. Jahrgang\SYT\SYT Repository\GK9_3\GK93\src\test\resources
2017-10-19 10:32:24,663 [Worker-9] INFO  o.e.m.c.i.embedder.EclipseLogger - Using 'UTF-8' encoding to copy filtered resources.
2017-10-19 10:32:24,664 [Worker-9] INFO  o.e.m.c.i.embedder.EclipseLogger - skip non existing resourceDirectory D:\Schule\5. Jahrgang\SYT\SYT Repository\GK9_3\GK93\src\main\resources
2017-10-19 10:32:24,664 [Worker-9] INFO  o.e.m.c.i.embedder.EclipseLogger - skip non existing resourceDirectory D:\Schule\5. Jahrgang\SYT\SYT Repository\GK9_3\GK93\src\main\resources
2017-10-19 10:32:24,667 [Worker-9] INFO  o.e.m.c.i.embedder.EclipseLogger - Using 'UTF-8' encoding to copy filtered resources.
2017-10-19 10:32:24,668 [Worker-9] INFO  o.e.m.c.i.embedder.EclipseLogger - skip non existing resourceDirectory D:\Schule\5. Jahrgang\SYT\SYT Repository\GK9_3\GK93\src\test\resources
2017-10-19 10:33:30,282 [Worker-4] INFO  o.e.m.c.i.p.ProjectConfigurationManager - Update started
2017-10-19 10:33:31,171 [Worker-4] INFO  o.e.m.c.i.l.LifecycleMappingFactory - Using org.eclipse.m2e.jdt.JarLifecycleMapping lifecycle mapping for MavenProject: org.springframework.boot:auth:1.3.5.RELEASE @ D:\Schule\5. Jahrgang\SYT\SYT Repository\GK9_3\GK93\pom.xml.
2017-10-19 10:33:32,016 [Worker-4] INFO  o.e.m.j.i.AbstractJavaProjectConfigurator - Adding source folder /GK93/src/main/java
2017-10-19 10:33:32,032 [Worker-4] INFO  o.e.m.j.i.AbstractJavaProjectConfigurator - Adding source folder /GK93/src/test/java
2017-10-19 10:33:32,785 [Worker-4] INFO  o.e.m.c.i.p.ProjectConfigurationManager - Update completed: 2 sec
2017-10-19 10:33:34,184 [Worker-23] INFO  o.e.m.c.i.embedder.EclipseLogger - Using 'UTF-8' encoding to copy filtered resources.
2017-10-19 10:33:34,185 [Worker-23] INFO  o.e.m.c.i.embedder.EclipseLogger - skip non existing resourceDirectory D:\Schule\5. Jahrgang\SYT\SYT Repository\GK9_3\GK93\src\main\resources
2017-10-19 10:33:34,185 [Worker-23] INFO  o.e.m.c.i.embedder.EclipseLogger - skip non existing resourceDirectory D:\Schule\5. Jahrgang\SYT\SYT Repository\GK9_3\GK93\src\main\resources
2017-10-19 10:33:34,188 [Worker-23] INFO  o.e.m.c.i.embedder.EclipseLogger - Using 'UTF-8' encoding to copy filtered resources.
2017-10-19 10:33:34,188 [Worker-23] INFO  o.e.m.c.i.embedder.EclipseLogger - skip non existing resourceDirectory D:\Schule\5. Jahrgang\SYT\SYT Repository\GK9_3\GK93\src\test\resources
2017-10-19 10:36:30,687 [Worker-20] INFO  o.e.m.c.i.embedder.EclipseLogger - Using 'UTF-8' encoding to copy filtered resources.
2017-10-19 10:36:30,687 [Worker-20] INFO  o.e.m.c.i.embedder.EclipseLogger - skip non existing resourceDirectory D:\Schule\5. Jahrgang\SYT\SYT Repository\GK9_3\GK93\src\main\resources
2017-10-19 10:36:30,687 [Worker-20] INFO  o.e.m.c.i.embedder.EclipseLogger - skip non existing resourceDirectory D:\Schule\5. Jahrgang\SYT\SYT Repository\GK9_3\GK93\src\main\resources
2017-10-19 10:36:30,689 [Worker-20] INFO  o.e.m.c.i.embedder.EclipseLogger - Using 'UTF-8' encoding to copy filtered resources.
2017-10-19 10:36:30,690 [Worker-20] INFO  o.e.m.c.i.embedder.EclipseLogger - skip non existing resourceDirectory D:\Schule\5. Jahrgang\SYT\SYT Repository\GK9_3\GK93\src\test\resources
2017-10-19 10:36:33,737 [Worker-5] INFO  o.e.m.c.i.embedder.EclipseLogger - Using 'UTF-8' encoding to copy filtered resources.
2017-10-19 10:36:33,738 [Worker-5] INFO  o.e.m.c.i.embedder.EclipseLogger - skip non existing resourceDirectory D:\Schule\5. Jahrgang\SYT\SYT Repository\GK9_3\GK93\src\main\resources
2017-10-19 10:36:33,738 [Worker-5] INFO  o.e.m.c.i.embedder.EclipseLogger - skip non existing resourceDirectory D:\Schule\5. Jahrgang\SYT\SYT Repository\GK9_3\GK93\src\main\resources
2017-10-19 10:36:33,741 [Worker-5] INFO  o.e.m.c.i.embedder.EclipseLogger - Using 'UTF-8' encoding to copy filtered resources.
2017-10-19 10:36:33,741 [Worker-5] INFO  o.e.m.c.i.embedder.EclipseLogger - skip non existing resourceDirectory D:\Schule\5. Jahrgang\SYT\SYT Repository\GK9_3\GK93\src\test\resources
2017-10-19 10:37:02,264 [Worker-4] INFO  o.e.m.c.i.embedder.EclipseLogger - Using 'UTF-8' encoding to copy filtered resources.
2017-10-19 10:37:02,265 [Worker-4] INFO  o.e.m.c.i.embedder.EclipseLogger - skip non existing resourceDirectory D:\Schule\5. Jahrgang\SYT\SYT Repository\GK9_3\GK93\src\main\resources
2017-10-19 10:37:02,265 [Worker-4] INFO  o.e.m.c.i.embedder.EclipseLogger - skip non existing resourceDirectory D:\Schule\5. Jahrgang\SYT\SYT Repository\GK9_3\GK93\src\main\resources
2017-10-19 10:37:02,267 [Worker-4] INFO  o.e.m.c.i.embedder.EclipseLogger - Using 'UTF-8' encoding to copy filtered resources.
2017-10-19 10:37:02,267 [Worker-4] INFO  o.e.m.c.i.embedder.EclipseLogger - skip non existing resourceDirectory D:\Schule\5. Jahrgang\SYT\SYT Repository\GK9_3\GK93\src\test\resources
2017-10-19 10:37:04,913 [Worker-17] INFO  o.e.m.c.i.embedder.EclipseLogger - Using 'UTF-8' encoding to copy filtered resources.
2017-10-19 10:37:04,913 [Worker-17] INFO  o.e.m.c.i.embedder.EclipseLogger - skip non existing resourceDirectory D:\Schule\5. Jahrgang\SYT\SYT Repository\GK9_3\GK93\src\main\resources
2017-10-19 10:37:04,913 [Worker-17] INFO  o.e.m.c.i.embedder.EclipseLogger - skip non existing resourceDirectory D:\Schule\5. Jahrgang\SYT\SYT Repository\GK9_3\GK93\src\main\resources
2017-10-19 10:37:04,915 [Worker-17] INFO  o.e.m.c.i.embedder.EclipseLogger - Using 'UTF-8' encoding to copy filtered resources.
2017-10-19 10:37:04,915 [Worker-17] INFO  o.e.m.c.i.embedder.EclipseLogger - skip non existing resourceDirectory D:\Schule\5. Jahrgang\SYT\SYT Repository\GK9_3\GK93\src\test\resources
2017-10-19 10:37:38,004 [Worker-5] INFO  o.e.m.c.i.embedder.EclipseLogger - Using 'UTF-8' encoding to copy filtered resources.
2017-10-19 10:37:38,004 [Worker-5] INFO  o.e.m.c.i.embedder.EclipseLogger - skip non existing resourceDirectory D:\Schule\5. Jahrgang\SYT\SYT Repository\GK9_3\GK93\src\main\resources
2017-10-19 10:37:38,005 [Worker-5] INFO  o.e.m.c.i.embedder.EclipseLogger - skip non existing resourceDirectory D:\Schule\5. Jahrgang\SYT\SYT Repository\GK9_3\GK93\src\main\resources
2017-10-19 10:37:38,007 [Worker-5] INFO  o.e.m.c.i.embedder.EclipseLogger - Using 'UTF-8' encoding to copy filtered resources.
2017-10-19 10:37:38,007 [Worker-5] INFO  o.e.m.c.i.embedder.EclipseLogger - skip non existing resourceDirectory D:\Schule\5. Jahrgang\SYT\SYT Repository\GK9_3\GK93\src\test\resources
2017-10-19 10:38:02,994 [Worker-5] INFO  o.e.m.c.i.embedder.EclipseLogger - Using 'UTF-8' encoding to copy filtered resources.
2017-10-19 10:38:02,994 [Worker-5] INFO  o.e.m.c.i.embedder.EclipseLogger - skip non existing resourceDirectory D:\Schule\5. Jahrgang\SYT\SYT Repository\GK9_3\GK93\src\main\resources
2017-10-19 10:38:02,994 [Worker-5] INFO  o.e.m.c.i.embedder.EclipseLogger - skip non existing resourceDirectory D:\Schule\5. Jahrgang\SYT\SYT Repository\GK9_3\GK93\src\main\resources
2017-10-19 10:38:02,996 [Worker-5] INFO  o.e.m.c.i.embedder.EclipseLogger - Using 'UTF-8' encoding to copy filtered resources.
2017-10-19 10:38:02,996 [Worker-5] INFO  o.e.m.c.i.embedder.EclipseLogger - skip non existing resourceDirectory D:\Schule\5. Jahrgang\SYT\SYT Repository\GK9_3\GK93\src\test\resources
2017-10-19 10:38:05,185 [Worker-20] INFO  o.e.m.c.i.embedder.EclipseLogger - Using 'UTF-8' encoding to copy filtered resources.
2017-10-19 10:38:05,186 [Worker-20] INFO  o.e.m.c.i.embedder.EclipseLogger - skip non existing resourceDirectory D:\Schule\5. Jahrgang\SYT\SYT Repository\GK9_3\GK93\src\main\resources
2017-10-19 10:38:05,186 [Worker-20] INFO  o.e.m.c.i.embedder.EclipseLogger - skip non existing resourceDirectory D:\Schule\5. Jahrgang\SYT\SYT Repository\GK9_3\GK93\src\main\resources
2017-10-19 10:38:05,189 [Worker-20] INFO  o.e.m.c.i.embedder.EclipseLogger - Using 'UTF-8' encoding to copy filtered resources.
2017-10-19 10:38:05,189 [Worker-20] INFO  o.e.m.c.i.embedder.EclipseLogger - skip non existing resourceDirectory D:\Schule\5. Jahrgang\SYT\SYT Repository\GK9_3\GK93\src\test\resources
2017-10-19 10:48:41,048 [Worker-5] INFO  o.e.m.c.i.l.LifecycleMappingFactory - Using org.eclipse.m2e.jdt.JarLifecycleMapping lifecycle mapping for MavenProject: org.springframework.boot:auth:1.3.5.RELEASE @ D:\Schule\5. Jahrgang\SYT\SYT Repository\GK9_3\GK93\pom.xml.
2017-10-19 10:48:41,758 [Worker-5] INFO  o.e.m.c.i.e.AbstractTransferListenerAdapter - Downloaded https://repo.maven.apache.org/maven2/org/junit/com.springsource.junit/3.8.2/com.springsource.junit-3.8.2.pom
2017-10-19 10:48:41,764 [Worker-5] WARN  o.e.m.c.i.embedder.EclipseLogger - The POM for org.junit:com.springsource.junit:jar:3.8.2 is missing, no dependency information available
2017-10-19 10:48:41,954 [Worker-5] INFO  o.e.m.c.i.e.AbstractTransferListenerAdapter - Downloaded https://repo.maven.apache.org/maven2/org/junit/com.springsource.junit/3.8.2/com.springsource.junit-3.8.2.jar
2017-10-19 10:48:42,300 [Worker-5] INFO  o.e.m.c.i.embedder.EclipseLogger - Using 'UTF-8' encoding to copy filtered resources.
2017-10-19 10:48:42,301 [Worker-5] INFO  o.e.m.c.i.embedder.EclipseLogger - skip non existing resourceDirectory D:\Schule\5. Jahrgang\SYT\SYT Repository\GK9_3\GK93\src\main\resources
2017-10-19 10:48:42,301 [Worker-5] INFO  o.e.m.c.i.embedder.EclipseLogger - skip non existing resourceDirectory D:\Schule\5. Jahrgang\SYT\SYT Repository\GK9_3\GK93\src\main\resources
2017-10-19 10:48:42,303 [Worker-5] INFO  o.e.m.c.i.embedder.EclipseLogger - Using 'UTF-8' encoding to copy filtered resources.
2017-10-19 10:48:42,304 [Worker-5] INFO  o.e.m.c.i.embedder.EclipseLogger - skip non existing resourceDirectory D:\Schule\5. Jahrgang\SYT\SYT Repository\GK9_3\GK93\src\test\resources
2017-10-19 10:48:51,046 [Worker-22] INFO  o.e.m.c.i.p.ProjectConfigurationManager - Update started
2017-10-19 10:48:51,616 [Worker-22] INFO  o.e.m.c.i.l.LifecycleMappingFactory - Using org.eclipse.m2e.jdt.JarLifecycleMapping lifecycle mapping for MavenProject: org.springframework.boot:auth:1.3.5.RELEASE @ D:\Schule\5. Jahrgang\SYT\SYT Repository\GK9_3\GK93\pom.xml.
2017-10-19 10:48:53,071 [Worker-22] INFO  o.e.m.c.i.e.AbstractTransferListenerAdapter - Downloaded https://repo.maven.apache.org/maven2/org/junit/com.springsource.junit/3.8.2/com.springsource.junit-3.8.2.pom
2017-10-19 10:48:53,085 [Worker-22] WARN  o.e.m.c.i.embedder.EclipseLogger - The POM for org.junit:com.springsource.junit:jar:3.8.2 is missing, no dependency information available
2017-10-19 10:48:53,269 [Worker-22] INFO  o.e.m.c.i.e.AbstractTransferListenerAdapter - Downloaded https://repo.maven.apache.org/maven2/org/junit/com.springsource.junit/3.8.2/com.springsource.junit-3.8.2.jar
2017-10-19 10:48:53,534 [Worker-22] INFO  o.e.m.j.i.AbstractJavaProjectConfigurator - Adding source folder /GK93/src/main/java
2017-10-19 10:48:53,535 [Worker-22] INFO  o.e.m.j.i.AbstractJavaProjectConfigurator - Adding source folder /GK93/src/test/java
2017-10-19 10:48:53,739 [Worker-22] INFO  o.e.m.c.i.p.ProjectConfigurationManager - Update completed: 2 sec
2017-10-19 10:48:54,406 [Worker-28] WARN  o.e.m.c.i.embedder.EclipseLogger - The POM for org.junit:com.springsource.junit:jar:3.8.2 is missing, no dependency information available
2017-10-19 10:48:54,530 [Worker-28] INFO  o.e.m.c.i.embedder.EclipseLogger - Using 'UTF-8' encoding to copy filtered resources.
2017-10-19 10:48:54,530 [Worker-28] INFO  o.e.m.c.i.embedder.EclipseLogger - skip non existing resourceDirectory D:\Schule\5. Jahrgang\SYT\SYT Repository\GK9_3\GK93\src\main\resources
2017-10-19 10:48:54,530 [Worker-28] INFO  o.e.m.c.i.embedder.EclipseLogger - skip non existing resourceDirectory D:\Schule\5. Jahrgang\SYT\SYT Repository\GK9_3\GK93\src\main\resources
2017-10-19 10:48:54,544 [Worker-28] INFO  o.e.m.c.i.embedder.EclipseLogger - Using 'UTF-8' encoding to copy filtered resources.
2017-10-19 10:48:54,544 [Worker-28] INFO  o.e.m.c.i.embedder.EclipseLogger - skip non existing resourceDirectory D:\Schule\5. Jahrgang\SYT\SYT Repository\GK9_3\GK93\src\test\resources
2017-10-19 10:49:21,724 [Worker-5] INFO  o.e.m.c.i.l.LifecycleMappingFactory - Using org.eclipse.m2e.jdt.JarLifecycleMapping lifecycle mapping for MavenProject: org.springframework.boot:auth:1.3.5.RELEASE @ D:\Schule\5. Jahrgang\SYT\SYT Repository\GK9_3\GK93\pom.xml.
2017-10-19 10:49:21,984 [Worker-5] WARN  o.e.m.c.i.embedder.EclipseLogger - The POM for org.junit:com.springsource.junit:jar:3.8.2 is missing, no dependency information available
2017-10-19 10:49:22,230 [Worker-5] INFO  o.e.m.c.i.embedder.EclipseLogger - Using 'UTF-8' encoding to copy filtered resources.
2017-10-19 10:49:22,231 [Worker-5] INFO  o.e.m.c.i.embedder.EclipseLogger - skip non existing resourceDirectory D:\Schule\5. Jahrgang\SYT\SYT Repository\GK9_3\GK93\src\main\resources
2017-10-19 10:49:22,231 [Worker-5] INFO  o.e.m.c.i.embedder.EclipseLogger - skip non existing resourceDirectory D:\Schule\5. Jahrgang\SYT\SYT Repository\GK9_3\GK93\src\main\resources
2017-10-19 10:49:22,234 [Worker-5] INFO  o.e.m.c.i.embedder.EclipseLogger - Using 'UTF-8' encoding to copy filtered resources.
2017-10-19 10:49:22,235 [Worker-5] INFO  o.e.m.c.i.embedder.EclipseLogger - skip non existing resourceDirectory D:\Schule\5. Jahrgang\SYT\SYT Repository\GK9_3\GK93\src\test\resources
2017-10-19 10:49:32,239 [Worker-29] INFO  o.e.m.c.i.p.ProjectConfigurationManager - Update started
2017-10-19 10:49:32,813 [Worker-29] INFO  o.e.m.c.i.l.LifecycleMappingFactory - Using org.eclipse.m2e.jdt.JarLifecycleMapping lifecycle mapping for MavenProject: org.springframework.boot:auth:1.3.5.RELEASE @ D:\Schule\5. Jahrgang\SYT\SYT Repository\GK9_3\GK93\pom.xml.
2017-10-19 10:49:33,254 [Worker-29] INFO  o.e.m.c.i.e.AbstractTransferListenerAdapter - Downloaded https://repo.maven.apache.org/maven2/org/junit/com.springsource.junit/3.8.2/com.springsource.junit-3.8.2.pom
2017-10-19 10:49:33,260 [Worker-29] WARN  o.e.m.c.i.embedder.EclipseLogger - The POM for org.junit:com.springsource.junit:jar:3.8.2 is missing, no dependency information available
2017-10-19 10:49:33,408 [Worker-29] INFO  o.e.m.c.i.e.AbstractTransferListenerAdapter - Downloaded https://repo.maven.apache.org/maven2/org/junit/com.springsource.junit/3.8.2/com.springsource.junit-3.8.2.jar
2017-10-19 10:49:33,574 [Worker-29] INFO  o.e.m.j.i.AbstractJavaProjectConfigurator - Adding source folder /GK93/src/main/java
2017-10-19 10:49:33,575 [Worker-29] INFO  o.e.m.j.i.AbstractJavaProjectConfigurator - Adding source folder /GK93/src/test/java
2017-10-19 10:49:33,703 [Worker-29] INFO  o.e.m.c.i.p.ProjectConfigurationManager - Update completed: 1 sec
2017-10-19 10:49:34,271 [Worker-28] WARN  o.e.m.c.i.embedder.EclipseLogger - The POM for org.junit:com.springsource.junit:jar:3.8.2 is missing, no dependency information available
2017-10-19 10:49:34,346 [Worker-28] INFO  o.e.m.c.i.embedder.EclipseLogger - Using 'UTF-8' encoding to copy filtered resources.
2017-10-19 10:49:34,346 [Worker-28] INFO  o.e.m.c.i.embedder.EclipseLogger - skip non existing resourceDirectory D:\Schule\5. Jahrgang\SYT\SYT Repository\GK9_3\GK93\src\main\resources
2017-10-19 10:49:34,347 [Worker-28] INFO  o.e.m.c.i.embedder.EclipseLogger - skip non existing resourceDirectory D:\Schule\5. Jahrgang\SYT\SYT Repository\GK9_3\GK93\src\main\resources
2017-10-19 10:49:34,350 [Worker-28] INFO  o.e.m.c.i.embedder.EclipseLogger - Using 'UTF-8' encoding to copy filtered resources.
2017-10-19 10:49:34,350 [Worker-28] INFO  o.e.m.c.i.embedder.EclipseLogger - skip non existing resourceDirectory D:\Schule\5. Jahrgang\SYT\SYT Repository\GK9_3\GK93\src\test\resources
2017-10-19 10:50:21,243 [Worker-26] INFO  o.e.m.c.i.l.LifecycleMappingFactory - Using org.eclipse.m2e.jdt.JarLifecycleMapping lifecycle mapping for MavenProject: org.springframework.boot:auth:1.3.5.RELEASE @ D:\Schule\5. Jahrgang\SYT\SYT Repository\GK9_3\GK93\pom.xml.
2017-10-19 10:50:21,713 [Worker-26] INFO  o.e.m.c.i.embedder.EclipseLogger - Using 'UTF-8' encoding to copy filtered resources.
2017-10-19 10:50:21,714 [Worker-26] INFO  o.e.m.c.i.embedder.EclipseLogger - skip non existing resourceDirectory D:\Schule\5. Jahrgang\SYT\SYT Repository\GK9_3\GK93\src\main\resources
2017-10-19 10:50:21,714 [Worker-26] INFO  o.e.m.c.i.embedder.EclipseLogger - skip non existing resourceDirectory D:\Schule\5. Jahrgang\SYT\SYT Repository\GK9_3\GK93\src\main\resources
2017-10-19 10:50:21,720 [Worker-26] INFO  o.e.m.c.i.embedder.EclipseLogger - Using 'UTF-8' encoding to copy filtered resources.
2017-10-19 10:50:21,721 [Worker-26] INFO  o.e.m.c.i.embedder.EclipseLogger - skip non existing resourceDirectory D:\Schule\5. Jahrgang\SYT\SYT Repository\GK9_3\GK93\src\test\resources
2017-10-19 10:50:23,330 [Worker-32] INFO  o.e.m.c.i.embedder.EclipseLogger - Using 'UTF-8' encoding to copy filtered resources.
2017-10-19 10:50:23,331 [Worker-32] INFO  o.e.m.c.i.embedder.EclipseLogger - skip non existing resourceDirectory D:\Schule\5. Jahrgang\SYT\SYT Repository\GK9_3\GK93\src\main\resources
2017-10-19 10:50:23,331 [Worker-32] INFO  o.e.m.c.i.embedder.EclipseLogger - skip non existing resourceDirectory D:\Schule\5. Jahrgang\SYT\SYT Repository\GK9_3\GK93\src\main\resources
2017-10-19 10:50:23,333 [Worker-32] INFO  o.e.m.c.i.embedder.EclipseLogger - Using 'UTF-8' encoding to copy filtered resources.
2017-10-19 10:50:23,333 [Worker-32] INFO  o.e.m.c.i.embedder.EclipseLogger - skip non existing resourceDirectory D:\Schule\5. Jahrgang\SYT\SYT Repository\GK9_3\GK93\src\test\resources
2017-10-19 10:52:41,556 [Worker-32] INFO  o.e.m.c.i.embedder.EclipseLogger - Using 'UTF-8' encoding to copy filtered resources.
2017-10-19 10:52:41,558 [Worker-32] INFO  o.e.m.c.i.embedder.EclipseLogger - skip non existing resourceDirectory D:\Schule\5. Jahrgang\SYT\SYT Repository\GK9_3\GK93\src\main\resources
2017-10-19 10:52:41,559 [Worker-32] INFO  o.e.m.c.i.embedder.EclipseLogger - skip non existing resourceDirectory D:\Schule\5. Jahrgang\SYT\SYT Repository\GK9_3\GK93\src\main\resources
2017-10-19 10:52:41,561 [Worker-32] INFO  o.e.m.c.i.embedder.EclipseLogger - Using 'UTF-8' encoding to copy filtered resources.
2017-10-19 10:52:41,561 [Worker-32] INFO  o.e.m.c.i.embedder.EclipseLogger - skip non existing resourceDirectory D:\Schule\5. Jahrgang\SYT\SYT Repository\GK9_3\GK93\src\test\resources
2017-10-19 10:52:42,604 [Worker-32] INFO  o.e.m.c.i.embedder.EclipseLogger - Using 'UTF-8' encoding to copy filtered resources.
2017-10-19 10:52:42,604 [Worker-32] INFO  o.e.m.c.i.embedder.EclipseLogger - skip non existing resourceDirectory D:\Schule\5. Jahrgang\SYT\SYT Repository\GK9_3\GK93\src\main\resources
2017-10-19 10:52:42,605 [Worker-32] INFO  o.e.m.c.i.embedder.EclipseLogger - skip non existing resourceDirectory D:\Schule\5. Jahrgang\SYT\SYT Repository\GK9_3\GK93\src\main\resources
2017-10-19 10:52:42,607 [Worker-32] INFO  o.e.m.c.i.embedder.EclipseLogger - Using 'UTF-8' encoding to copy filtered resources.
2017-10-19 10:52:42,608 [Worker-32] INFO  o.e.m.c.i.embedder.EclipseLogger - skip non existing resourceDirectory D:\Schule\5. Jahrgang\SYT\SYT Repository\GK9_3\GK93\src\test\resources
2017-10-19 10:53:03,554 [Worker-33] INFO  o.e.m.c.i.embedder.EclipseLogger - Using 'UTF-8' encoding to copy filtered resources.
2017-10-19 10:53:03,554 [Worker-33] INFO  o.e.m.c.i.embedder.EclipseLogger - skip non existing resourceDirectory D:\Schule\5. Jahrgang\SYT\SYT Repository\GK9_3\GK93\src\main\resources
2017-10-19 10:53:03,554 [Worker-33] INFO  o.e.m.c.i.embedder.EclipseLogger - skip non existing resourceDirectory D:\Schule\5. Jahrgang\SYT\SYT Repository\GK9_3\GK93\src\main\resources
2017-10-19 10:53:03,558 [Worker-33] INFO  o.e.m.c.i.embedder.EclipseLogger - Using 'UTF-8' encoding to copy filtered resources.
2017-10-19 10:53:03,558 [Worker-33] INFO  o.e.m.c.i.embedder.EclipseLogger - skip non existing resourceDirectory D:\Schule\5. Jahrgang\SYT\SYT Repository\GK9_3\GK93\src\test\resources
2017-10-19 10:56:51,741 [Worker-0] INFO  c.g.t.t.d.PublishedGradleVersions - Gradle version information cache is up-to-date. Trying to read.
2017-10-19 10:57:03,431 [Worker-7] INFO  o.e.m.c.i.embedder.EclipseLogger - Using 'UTF-8' encoding to copy filtered resources.
2017-10-19 10:57:03,432 [Worker-7] INFO  o.e.m.c.i.embedder.EclipseLogger - Copying 0 resource
2017-10-19 10:57:03,432 [Worker-7] INFO  o.e.m.c.i.embedder.EclipseLogger - Copying 0 resource
2017-10-19 10:57:03,436 [Worker-7] INFO  o.e.m.c.i.embedder.EclipseLogger - Using 'UTF-8' encoding to copy filtered resources.
2017-10-19 10:57:03,436 [Worker-7] INFO  o.e.m.c.i.embedder.EclipseLogger - skip non existing resourceDirectory D:\Schule\5. Jahrgang\SYT\SYT Repository\GK9_3\GK93\src\test\resources
2017-10-19 12:58:40,220 [Worker-39] INFO  o.e.m.c.i.embedder.EclipseLogger - Using 'UTF-8' encoding to copy filtered resources.
2017-10-19 12:58:40,395 [Worker-39] INFO  o.e.m.c.i.embedder.EclipseLogger - Copying 1 resource
2017-10-19 12:58:40,430 [Worker-39] INFO  o.e.m.c.i.embedder.EclipseLogger - Copying 1 resource
2017-10-19 12:58:40,433 [Worker-39] INFO  o.e.m.c.i.embedder.EclipseLogger - Using 'UTF-8' encoding to copy filtered resources.
2017-10-19 12:58:40,434 [Worker-39] INFO  o.e.m.c.i.embedder.EclipseLogger - skip non existing resourceDirectory D:\Schule\5. Jahrgang\SYT\SYT Repository\GK9_3\GK93\src\test\resources
2017-10-19 12:59:08,994 [Worker-38] INFO  o.e.m.c.i.embedder.EclipseLogger - Using 'UTF-8' encoding to copy filtered resources.
2017-10-19 12:59:08,994 [Worker-38] INFO  o.e.m.c.i.embedder.EclipseLogger - Copying 1 resource
2017-10-19 12:59:08,997 [Worker-38] INFO  o.e.m.c.i.embedder.EclipseLogger - Copying 1 resource
2017-10-19 12:59:09,000 [Worker-38] INFO  o.e.m.c.i.embedder.EclipseLogger - Using 'UTF-8' encoding to copy filtered resources.
2017-10-19 12:59:09,001 [Worker-38] INFO  o.e.m.c.i.embedder.EclipseLogger - skip non existing resourceDirectory D:\Schule\5. Jahrgang\SYT\SYT Repository\GK9_3\GK93\src\test\resources
